<?xml version="1.0" encoding="UTF-8"?>
<!-- Generated by org.testng.reporters.JUnitReportReporter -->
<testsuite skipped="0" hostname="Neelams-iMac.local" name="com.Julybatch.AppTest" tests="2" failures="0" timestamp="2022-01-21T22:35:12 PST" time="0.068" errors="0">
  <testcase name="testLogin2" time="0.001" classname="com.Julybatch.AppTest"/>
  <system-out/>
  <testcase name="testLogin1" time="0.067" classname="com.Julybatch.AppTest"/>
  <system-out/>
</testsuite> <!-- com.Julybatch.AppTest -->
