<?xml version="1.0" encoding="UTF-8"?>
<!-- Generated by org.testng.reporters.JUnitReportReporter -->
<testsuite skipped="0" hostname="Neelams-iMac.local" name="com.Julybatch.AppTest" tests="2" failures="0" timestamp="2022-01-21T22:47:57 PST" time="0.133" errors="0">
  <testcase name="testLogin1" time="0.133" classname="com.Julybatch.AppTest"/>
  <system-out/>
  <testcase name="testLogin2" time="0.000" classname="com.Julybatch.AppTest"/>
  <system-out/>
</testsuite> <!-- com.Julybatch.AppTest -->
