<?xml version="1.0" encoding="UTF-8"?>
<!-- Generated by org.testng.reporters.JUnitReportReporter -->
<testsuite skipped="0" hostname="Neelams-iMac.local" name="com.Julybatch.LoginTest" tests="1" failures="0" timestamp="2022-01-21T22:47:57 PST" time="42.410" errors="0">
  <testcase name="loginTest" time="42.410" classname="com.Julybatch.LoginTest"/>
  <system-out/>
</testsuite> <!-- com.Julybatch.LoginTest -->
