<?xml version="1.0" encoding="UTF-8"?>
<!-- Generated by org.testng.reporters.JUnitReportReporter -->
<testsuite hostname="Neelams-iMac.local" failures="0" tests="2" name="com.Julybatch.AppTest" time="0.025" errors="0" timestamp="2022-01-20T09:46:19 PST" skipped="0">
  <testcase classname="com.Julybatch.AppTest" name="testLogin1" time="0.025"/>
  <system-out/>
  <testcase classname="com.Julybatch.AppTest" name="testLogin2" time="0.000"/>
  <system-out/>
</testsuite> <!-- com.Julybatch.AppTest -->
